<?xml version="1.0" encoding="UTF-8"?>
<testng-results ignored="0" total="1" passed="1" failed="0" skipped="0">
  <reporter-output>
  </reporter-output>
  <suite started-at="2025-05-14T10:30:14 GMT-04:00" name="Surefire suite" finished-at="2025-05-14T10:30:18 GMT-04:00" duration-ms="4043">
    <groups>
    </groups>
    <test started-at="2025-05-14T10:30:14 GMT-04:00" name="Surefire test" finished-at="2025-05-14T10:30:18 GMT-04:00" duration-ms="4043">
      <class name="tests.LoginTest">
        <test-method is-config="true" signature="setUp()[pri:0, instance:tests.LoginTest@60d8c9b7]" started-at="2025-05-14T10:30:14 GMT-04:00" name="setUp" finished-at="2025-05-14T10:30:17 GMT-04:00" duration-ms="2850" status="PASS">
          <reporter-output>
          </reporter-output>
        </test-method> <!-- setUp -->
        <test-method signature="testValidLogin()[pri:0, instance:tests.LoginTest@60d8c9b7]" started-at="2025-05-14T10:30:17 GMT-04:00" name="testValidLogin" finished-at="2025-05-14T10:30:18 GMT-04:00" duration-ms="1162" status="PASS">
          <reporter-output>
          </reporter-output>
        </test-method> <!-- testValidLogin -->
        <test-method is-config="true" signature="tearDown()[pri:0, instance:tests.LoginTest@60d8c9b7]" started-at="2025-05-14T10:30:18 GMT-04:00" name="tearDown" finished-at="2025-05-14T10:30:18 GMT-04:00" duration-ms="1" status="PASS">
          <reporter-output>
          </reporter-output>
        </test-method> <!-- tearDown -->
      </class> <!-- tests.LoginTest -->
    </test> <!-- Surefire test -->
  </suite> <!-- Surefire suite -->
</testng-results>
