<?xml version="1.0" encoding="UTF-8"?>
<testng-results ignored="0" total="1" passed="1" failed="0" skipped="0">
  <reporter-output>
  </reporter-output>
  <suite started-at="2025-05-14T10:38:24 GMT-04:00" name="Suite" finished-at="2025-05-14T10:38:28 GMT-04:00" duration-ms="4107">
    <groups>
    </groups>
    <test started-at="2025-05-14T10:38:24 GMT-04:00" name="Test" finished-at="2025-05-14T10:38:28 GMT-04:00" duration-ms="4107">
      <class name="tests.LoginTest">
        <test-method is-config="true" signature="setUp()[pri:0, instance:tests.LoginTest@c8c12ac]" started-at="2025-05-14T10:38:24 GMT-04:00" name="setUp" finished-at="2025-05-14T10:38:27 GMT-04:00" duration-ms="2716" status="PASS">
          <reporter-output>
          </reporter-output>
        </test-method> <!-- setUp -->
        <test-method signature="testValidLogin()[pri:0, instance:tests.LoginTest@c8c12ac]" started-at="2025-05-14T10:38:27 GMT-04:00" name="testValidLogin" finished-at="2025-05-14T10:38:28 GMT-04:00" duration-ms="1211" status="PASS">
          <reporter-output>
          </reporter-output>
        </test-method> <!-- testValidLogin -->
        <test-method is-config="true" signature="tearDown()[pri:0, instance:tests.LoginTest@c8c12ac]" started-at="2025-05-14T10:38:28 GMT-04:00" name="tearDown" finished-at="2025-05-14T10:38:28 GMT-04:00" duration-ms="156" status="PASS">
          <reporter-output>
          </reporter-output>
        </test-method> <!-- tearDown -->
      </class> <!-- tests.LoginTest -->
    </test> <!-- Test -->
  </suite> <!-- Suite -->
</testng-results>
