<?xml version="1.0" encoding="UTF-8"?>
<testng-results ignored="0" total="1" passed="1" failed="0" skipped="0">
  <reporter-output>
  </reporter-output>
  <suite started-at="2025-05-16T12:14:53 GMT-04:00" name="Suite" finished-at="2025-05-16T12:14:57 GMT-04:00" duration-ms="3907">
    <groups>
    </groups>
    <test started-at="2025-05-16T12:14:53 GMT-04:00" name="Test" finished-at="2025-05-16T12:14:57 GMT-04:00" duration-ms="3907">
      <class name="tests.LoginTest">
        <test-method is-config="true" signature="setupReport()[pri:0, instance:tests.LoginTest@4afcd809]" started-at="2025-05-16T12:14:52 GMT-04:00" name="setupReport" finished-at="2025-05-16T12:14:53 GMT-04:00" duration-ms="182" status="PASS">
          <reporter-output>
          </reporter-output>
        </test-method> <!-- setupReport -->
        <test-method is-config="true" signature="setUp()[pri:0, instance:tests.LoginTest@4afcd809]" started-at="2025-05-16T12:14:53 GMT-04:00" name="setUp" finished-at="2025-05-16T12:14:55 GMT-04:00" duration-ms="2649" status="PASS">
          <reporter-output>
          </reporter-output>
        </test-method> <!-- setUp -->
        <test-method signature="testValidLogin(java.lang.String,java.lang.String)[pri:0, instance:tests.LoginTest@4afcd809]" started-at="2025-05-16T12:14:55 GMT-04:00" name="testValidLogin" finished-at="2025-05-16T12:14:56 GMT-04:00" duration-ms="1059" status="PASS">
          <params>
            <param index="0">
              <value>
                <![CDATA[Admin]]>
              </value>
            </param>
            <param index="1">
              <value>
                <![CDATA[admin@123]]>
              </value>
            </param>
          </params>
          <reporter-output>
          </reporter-output>
        </test-method> <!-- testValidLogin -->
        <test-method is-config="true" signature="tearDown(org.testng.ITestResult)[pri:0, instance:tests.LoginTest@4afcd809]" started-at="2025-05-16T12:14:56 GMT-04:00" name="tearDown" finished-at="2025-05-16T12:14:57 GMT-04:00" duration-ms="181" status="PASS">
          <params>
            <param index="0">
              <value>
                <![CDATA[[TestResult name=testValidLogin status=SUCCESS method=LoginTest.testValidLogin(java.lang.String,java.lang.String)[pri:0, instance:tests.LoginTest@4afcd809] output={null}]]]>
              </value>
            </param>
          </params>
          <reporter-output>
          </reporter-output>
        </test-method> <!-- tearDown -->
        <test-method is-config="true" signature="teardownReport()[pri:0, instance:tests.LoginTest@4afcd809]" started-at="2025-05-16T12:14:57 GMT-04:00" name="teardownReport" finished-at="2025-05-16T12:14:57 GMT-04:00" duration-ms="230" status="PASS">
          <reporter-output>
          </reporter-output>
        </test-method> <!-- teardownReport -->
      </class> <!-- tests.LoginTest -->
    </test> <!-- Test -->
  </suite> <!-- Suite -->
</testng-results>
